


ARM Macro Assembler    Page 1 


    1 00000000         ; generated by Component: ARM Compiler 5.06 update 4 (bu
                       ild 422) Tool: ArmCC [4d3604]
    2 00000000         ; commandline ArmCC [--c99 --split_sections --debug -c -
                       S -o.\objects\stm32f10x_it.s --depend=.\objects\stm32f10
                       x_it.d --cpu=Cortex-M3 --apcs=interwork -O0 --diag_suppr
                       ess=9931 -I..\Application -I..\STDevice\Include -I..\STD
                       evice\USB_Driver\inc -I..\STDevice\StdPeriph_Driver\inc 
                       -I..\STDevice\StdPeriph_Driver\templates -I..\RTOS\inclu
                       de -I..\RTOS\libcpu -I..\RTOS\src -I.\RTE\_BadUSB -Id:\K
                       eil_v5\ARM\PACK\ARM\CMSIS\5.0.1\CMSIS\Include -Id:\Keil_
                       v5\ARM\PACK\Keil\STM32F1xx_DFP\2.1.0\Device\Include -D__
                       UVISION_VERSION=523 -D_RTE_ -DSTM32F10X_HD -DUSE_STDPERI
                       PH_DRIVER -DSTM32F10X_HD --omf_browse=.\objects\stm32f10
                       x_it.crf ..\STDevice\StdPeriph_Driver\templates\stm32f10
                       x_it.c]
    3 00000000                 THUMB
    4 00000000                 REQUIRE8
    5 00000000                 PRESERVE8
    6 00000000         
    7 00000000                 AREA             ||i.BusFault_Handler||, CODE, R
EADONLY, ALIGN=1
    8 00000000         
    9 00000000         BusFault_Handler
                               PROC
   10 00000000 BF00            NOP
   11 00000002         |L0.2|
   12 00000002 E7FE            B                |L0.2|
   13 00000004                 ENDP
   14 00000004         
   15 00000004         
   16 00000004                 AREA             ||i.DebugMon_Handler||, CODE, R
EADONLY, ALIGN=1
   17 00000000         
   18 00000000         DebugMon_Handler
                               PROC
   19 00000000 4770            BX               lr
   20 00000002                 ENDP
   21 00000002         
   22 00000002         
   23 00000002                 AREA             ||i.HardFault_Handler||, CODE, 
READONLY, ALIGN=1
   24 00000000         
   25 00000000         HardFault_Handler
                               PROC
   26 00000000 BF00            NOP
   27 00000002         |L2.2|
   28 00000002 E7FE            B                |L2.2|
   29 00000004                 ENDP
   30 00000004         
   31 00000004         
   32 00000004                 AREA             ||i.MemManage_Handler||, CODE, 
READONLY, ALIGN=1
   33 00000000         
   34 00000000         MemManage_Handler
                               PROC
   35 00000000 BF00            NOP
   36 00000002         |L3.2|
   37 00000002 E7FE            B                |L3.2|
   38 00000004                 ENDP



ARM Macro Assembler    Page 2 


   39 00000004         
   40 00000004         
   41 00000004                 AREA             ||i.NMI_Handler||, CODE, READON
LY, ALIGN=1
   42 00000000         
   43 00000000         NMI_Handler
                               PROC
   44 00000000 4770            BX               lr
   45 00000002                 ENDP
   46 00000002         
   47 00000002         
   48 00000002                 AREA             ||i.PendSV_Handler||, CODE, REA
DONLY, ALIGN=1
   49 00000000         
   50 00000000         PendSV_Handler
                               PROC
   51 00000000 4770            BX               lr
   52 00000002                 ENDP
   53 00000002         
   54 00000002         
   55 00000002                 AREA             ||i.SVC_Handler||, CODE, READON
LY, ALIGN=1
   56 00000000         
   57 00000000         SVC_Handler
                               PROC
   58 00000000 4770            BX               lr
   59 00000002                 ENDP
   60 00000002         
   61 00000002         
   62 00000002                 AREA             ||i.SysTick_Handler||, CODE, RE
ADONLY, ALIGN=1
   63 00000000         
   64 00000000         SysTick_Handler
                               PROC
   65 00000000 4770            BX               lr
   66 00000002                 ENDP
   67 00000002         
   68 00000002         
   69 00000002                 AREA             ||i.UsageFault_Handler||, CODE,
 READONLY, ALIGN=1
   70 00000000         
   71 00000000         UsageFault_Handler
                               PROC
   72 00000000 BF00            NOP
   73 00000002         |L8.2|
   74 00000002 E7FE            B                |L8.2|
   75 00000004                 ENDP
   76 00000004         
   77 00000004         
   78 00000004                 AREA             ||.arm_vfe_header||, DATA, READ
ONLY, NOALLOC, ALIGN=2
   79 00000000         
   80 00000000 00000000        DCD              0x00000000
   81 00000004         
   82 00000004         ;*** Start embedded assembler ***
   83 00000004         
   84 00000004         #line   1                "..\\STDevice\\StdPeriph_Driver
\\templates\\stm32f10x_it.c"
    1 00000004                 AREA             ||.rev16_text||, CODE



ARM Macro Assembler    Page 3 


    2 00000000                 THUMB
    3 00000000                 EXPORT           |__asm___14_stm32f10x_it_c_bb8c
a80c____REV16|
    4 00000000         #line   447              "d:\\Keil_v5\\ARM\\PACK\\ARM\\C
MSIS\\5.0.1\\CMSIS\\Include\\cmsis_armcc.h"
  447 00000000         |__asm___14_stm32f10x_it_c_bb8ca80c____REV16|
                               PROC
  448 00000000         #line   448
  448 00000000         
  449 00000000 BA40            rev16            r0, r0
  450 00000002 4770            bx               lr
  451 00000004                 ENDP
  452 00000004                 AREA             ||.revsh_text||, CODE
  453 00000000                 THUMB
  454 00000000                 EXPORT           |__asm___14_stm32f10x_it_c_bb8c
a80c____REVSH|
  455 00000000         #line   462
  462 00000000         |__asm___14_stm32f10x_it_c_bb8ca80c____REVSH|
                               PROC
  463 00000000         #line   463
  463 00000000         
  464 00000000 BAC0            revsh            r0, r0
  465 00000002 4770            bx               lr
  466 00000004                 ENDP
  467 00000004                 AREA             ||.rrx_text||, CODE
  468 00000000                 THUMB
  469 00000000                 EXPORT           |__asm___14_stm32f10x_it_c_bb8c
a80c____RRX|
  470 00000000         #line   649
  649 00000000         |__asm___14_stm32f10x_it_c_bb8ca80c____RRX|
                               PROC
  650 00000000         #line   650
  650 00000000         
  651 00000000 EA4F 0030       rrx              r0, r0
  652 00000004 4770            bx               lr
  653 00000006                 ENDP
  654 00000006         
  655 00000006         ;*** End   embedded assembler ***
  656 00000006         
  657 00000006                 EXPORT           BusFault_Handler [CODE]
  658 00000006                 EXPORT           DebugMon_Handler [CODE]
  659 00000006                 EXPORT           HardFault_Handler [CODE]
  660 00000006                 EXPORT           MemManage_Handler [CODE]
  661 00000006                 EXPORT           NMI_Handler [CODE]
  662 00000006                 EXPORT           PendSV_Handler [CODE]
  663 00000006                 EXPORT           SVC_Handler [CODE]
  664 00000006                 EXPORT           SysTick_Handler [CODE]
  665 00000006                 EXPORT           UsageFault_Handler [CODE]
  666 00000006         
  667 00000006                 IMPORT           ||Lib$$Request$$armlib|| [CODE,
WEAK]
  668 00000006         
  669 00000006                 ATTR             FILESCOPE
  670 00000006                 ATTR             SETVALUE Tag_ABI_PCS_wchar_t,2
  671 00000006                 ATTR             SETVALUE Tag_ABI_enum_size,1
  672 00000006                 ATTR             SETVALUE Tag_ABI_optimization_g
oals,6
  673 00000006                 ATTR             SETSTRING Tag_conformance,"2.09
"



ARM Macro Assembler    Page 4 


  674 00000006                 ATTR             SETVALUE AV,18,1
  675 00000006         
  676 00000006                 ASSERT           {ENDIAN} = "little"
  677 00000006                 ASSERT           {INTER} = {TRUE}
  678 00000006                 ASSERT           {ROPI} = {FALSE}
  679 00000006                 ASSERT           {RWPI} = {FALSE}
  680 00000006                 ASSERT           {IEEE_FULL} = {FALSE}
  681 00000006                 ASSERT           {IEEE_PART} = {FALSE}
  682 00000006                 ASSERT           {IEEE_JAVA} = {FALSE}
  683 00000006                 END
Command Line: --debug --xref --diag_suppress=9931 --cpu=Cortex-M3 --apcs=interw
ork -o.\objects\stm32f10x_it.o -I.\RTE\_BadUSB -Id:\Keil_v5\ARM\PACK\ARM\CMSIS\
5.0.1\CMSIS\Include -Id:\Keil_v5\ARM\PACK\Keil\STM32F1xx_DFP\2.1.0\Device\Inclu
de --predefine="__UVISION_VERSION SETA 523" --predefine="_RTE_ SETA 1" --predef
ine="STM32F10X_HD SETA 1" --list=.\listings\stm32f10x_it.lst .\objects\stm32f10
x_it.s



ARM Macro Assembler    Page 1 Alphabetic symbol ordering
Relocatable symbols

BusFault_Handler 00000000

Symbol: BusFault_Handler
   Definitions
      At line 9 in file .\objects\stm32f10x_it.s
   Uses
      At line 657 in file d:\\Keil_v5\\ARM\\PACK\\ARM\\CMSIS\\5.0.1\\CMSIS\\Inc
lude\\cmsis_armcc.h
Comment: BusFault_Handler used once
L0.2 00000002

Symbol: L0.2
   Definitions
      At line 11 in file .\objects\stm32f10x_it.s
   Uses
      At line 12 in file .\objects\stm32f10x_it.s
Comment: L0.2 used once
|i.BusFault_Handler| 00000000

Symbol: |i.BusFault_Handler|
   Definitions
      At line 7 in file .\objects\stm32f10x_it.s
   Uses
      None
Comment: |i.BusFault_Handler| unused
3 symbols



ARM Macro Assembler    Page 1 Alphabetic symbol ordering
Relocatable symbols

DebugMon_Handler 00000000

Symbol: DebugMon_Handler
   Definitions
      At line 18 in file .\objects\stm32f10x_it.s
   Uses
      At line 658 in file d:\\Keil_v5\\ARM\\PACK\\ARM\\CMSIS\\5.0.1\\CMSIS\\Inc
lude\\cmsis_armcc.h
Comment: DebugMon_Handler used once
|i.DebugMon_Handler| 00000000

Symbol: |i.DebugMon_Handler|
   Definitions
      At line 16 in file .\objects\stm32f10x_it.s
   Uses
      None
Comment: |i.DebugMon_Handler| unused
2 symbols



ARM Macro Assembler    Page 1 Alphabetic symbol ordering
Relocatable symbols

HardFault_Handler 00000000

Symbol: HardFault_Handler
   Definitions
      At line 25 in file .\objects\stm32f10x_it.s
   Uses
      At line 659 in file d:\\Keil_v5\\ARM\\PACK\\ARM\\CMSIS\\5.0.1\\CMSIS\\Inc
lude\\cmsis_armcc.h
Comment: HardFault_Handler used once
L2.2 00000002

Symbol: L2.2
   Definitions
      At line 27 in file .\objects\stm32f10x_it.s
   Uses
      At line 28 in file .\objects\stm32f10x_it.s
Comment: L2.2 used once
|i.HardFault_Handler| 00000000

Symbol: |i.HardFault_Handler|
   Definitions
      At line 23 in file .\objects\stm32f10x_it.s
   Uses
      None
Comment: |i.HardFault_Handler| unused
3 symbols



ARM Macro Assembler    Page 1 Alphabetic symbol ordering
Relocatable symbols

L3.2 00000002

Symbol: L3.2
   Definitions
      At line 36 in file .\objects\stm32f10x_it.s
   Uses
      At line 37 in file .\objects\stm32f10x_it.s
Comment: L3.2 used once
MemManage_Handler 00000000

Symbol: MemManage_Handler
   Definitions
      At line 34 in file .\objects\stm32f10x_it.s
   Uses
      At line 660 in file d:\\Keil_v5\\ARM\\PACK\\ARM\\CMSIS\\5.0.1\\CMSIS\\Inc
lude\\cmsis_armcc.h
Comment: MemManage_Handler used once
|i.MemManage_Handler| 00000000

Symbol: |i.MemManage_Handler|
   Definitions
      At line 32 in file .\objects\stm32f10x_it.s
   Uses
      None
Comment: |i.MemManage_Handler| unused
3 symbols



ARM Macro Assembler    Page 1 Alphabetic symbol ordering
Relocatable symbols

NMI_Handler 00000000

Symbol: NMI_Handler
   Definitions
      At line 43 in file .\objects\stm32f10x_it.s
   Uses
      At line 661 in file d:\\Keil_v5\\ARM\\PACK\\ARM\\CMSIS\\5.0.1\\CMSIS\\Inc
lude\\cmsis_armcc.h
Comment: NMI_Handler used once
|i.NMI_Handler| 00000000

Symbol: |i.NMI_Handler|
   Definitions
      At line 41 in file .\objects\stm32f10x_it.s
   Uses
      None
Comment: |i.NMI_Handler| unused
2 symbols



ARM Macro Assembler    Page 1 Alphabetic symbol ordering
Relocatable symbols

PendSV_Handler 00000000

Symbol: PendSV_Handler
   Definitions
      At line 50 in file .\objects\stm32f10x_it.s
   Uses
      At line 662 in file d:\\Keil_v5\\ARM\\PACK\\ARM\\CMSIS\\5.0.1\\CMSIS\\Inc
lude\\cmsis_armcc.h
Comment: PendSV_Handler used once
|i.PendSV_Handler| 00000000

Symbol: |i.PendSV_Handler|
   Definitions
      At line 48 in file .\objects\stm32f10x_it.s
   Uses
      None
Comment: |i.PendSV_Handler| unused
2 symbols



ARM Macro Assembler    Page 1 Alphabetic symbol ordering
Relocatable symbols

SVC_Handler 00000000

Symbol: SVC_Handler
   Definitions
      At line 57 in file .\objects\stm32f10x_it.s
   Uses
      At line 663 in file d:\\Keil_v5\\ARM\\PACK\\ARM\\CMSIS\\5.0.1\\CMSIS\\Inc
lude\\cmsis_armcc.h
Comment: SVC_Handler used once
|i.SVC_Handler| 00000000

Symbol: |i.SVC_Handler|
   Definitions
      At line 55 in file .\objects\stm32f10x_it.s
   Uses
      None
Comment: |i.SVC_Handler| unused
2 symbols



ARM Macro Assembler    Page 1 Alphabetic symbol ordering
Relocatable symbols

SysTick_Handler 00000000

Symbol: SysTick_Handler
   Definitions
      At line 64 in file .\objects\stm32f10x_it.s
   Uses
      At line 664 in file d:\\Keil_v5\\ARM\\PACK\\ARM\\CMSIS\\5.0.1\\CMSIS\\Inc
lude\\cmsis_armcc.h
Comment: SysTick_Handler used once
|i.SysTick_Handler| 00000000

Symbol: |i.SysTick_Handler|
   Definitions
      At line 62 in file .\objects\stm32f10x_it.s
   Uses
      None
Comment: |i.SysTick_Handler| unused
2 symbols



ARM Macro Assembler    Page 1 Alphabetic symbol ordering
Relocatable symbols

L8.2 00000002

Symbol: L8.2
   Definitions
      At line 73 in file .\objects\stm32f10x_it.s
   Uses
      At line 74 in file .\objects\stm32f10x_it.s
Comment: L8.2 used once
UsageFault_Handler 00000000

Symbol: UsageFault_Handler
   Definitions
      At line 71 in file .\objects\stm32f10x_it.s
   Uses
      At line 665 in file d:\\Keil_v5\\ARM\\PACK\\ARM\\CMSIS\\5.0.1\\CMSIS\\Inc
lude\\cmsis_armcc.h
Comment: UsageFault_Handler used once
|i.UsageFault_Handler| 00000000

Symbol: |i.UsageFault_Handler|
   Definitions
      At line 69 in file .\objects\stm32f10x_it.s
   Uses
      None
Comment: |i.UsageFault_Handler| unused
3 symbols



ARM Macro Assembler    Page 1 Alphabetic symbol ordering
Relocatable symbols

|.arm_vfe_header| 00000000

Symbol: |.arm_vfe_header|
   Definitions
      At line 78 in file .\objects\stm32f10x_it.s
   Uses
      None
Comment: |.arm_vfe_header| unused
1 symbol



ARM Macro Assembler    Page 1 Alphabetic symbol ordering
Relocatable symbols

__asm___14_stm32f10x_it_c_bb8ca80c____REV16 00000000

Symbol: __asm___14_stm32f10x_it_c_bb8ca80c____REV16
   Definitions
      At line 447 in file d:\\Keil_v5\\ARM\\PACK\\ARM\\CMSIS\\5.0.1\\CMSIS\\Inc
lude\\cmsis_armcc.h
   Uses
      At line 3 in file ..\\STDevice\\StdPeriph_Driver\\templates\\stm32f10x_it
.c
Comment: __asm___14_stm32f10x_it_c_bb8ca80c____REV16 used once
|.rev16_text| 00000000

Symbol: |.rev16_text|
   Definitions
      At line 1 in file ..\\STDevice\\StdPeriph_Driver\\templates\\stm32f10x_it
.c
   Uses
      None
Comment: |.rev16_text| unused
2 symbols



ARM Macro Assembler    Page 1 Alphabetic symbol ordering
Relocatable symbols

__asm___14_stm32f10x_it_c_bb8ca80c____REVSH 00000000

Symbol: __asm___14_stm32f10x_it_c_bb8ca80c____REVSH
   Definitions
      At line 462 in file d:\\Keil_v5\\ARM\\PACK\\ARM\\CMSIS\\5.0.1\\CMSIS\\Inc
lude\\cmsis_armcc.h
   Uses
      At line 454 in file d:\\Keil_v5\\ARM\\PACK\\ARM\\CMSIS\\5.0.1\\CMSIS\\Inc
lude\\cmsis_armcc.h
Comment: __asm___14_stm32f10x_it_c_bb8ca80c____REVSH used once
|.revsh_text| 00000000

Symbol: |.revsh_text|
   Definitions
      At line 452 in file d:\\Keil_v5\\ARM\\PACK\\ARM\\CMSIS\\5.0.1\\CMSIS\\Inc
lude\\cmsis_armcc.h
   Uses
      None
Comment: |.revsh_text| unused
2 symbols



ARM Macro Assembler    Page 1 Alphabetic symbol ordering
Relocatable symbols

__asm___14_stm32f10x_it_c_bb8ca80c____RRX 00000000

Symbol: __asm___14_stm32f10x_it_c_bb8ca80c____RRX
   Definitions
      At line 649 in file d:\\Keil_v5\\ARM\\PACK\\ARM\\CMSIS\\5.0.1\\CMSIS\\Inc
lude\\cmsis_armcc.h
   Uses
      At line 469 in file d:\\Keil_v5\\ARM\\PACK\\ARM\\CMSIS\\5.0.1\\CMSIS\\Inc
lude\\cmsis_armcc.h
Comment: __asm___14_stm32f10x_it_c_bb8ca80c____RRX used once
|.rrx_text| 00000000

Symbol: |.rrx_text|
   Definitions
      At line 467 in file d:\\Keil_v5\\ARM\\PACK\\ARM\\CMSIS\\5.0.1\\CMSIS\\Inc
lude\\cmsis_armcc.h
   Uses
      None
Comment: |.rrx_text| unused
2 symbols



ARM Macro Assembler    Page 1 Alphabetic symbol ordering
External symbols

|Lib$$Request$$armlib| 00000000

Symbol: |Lib$$Request$$armlib|
   Definitions
      At line 667 in file d:\\Keil_v5\\ARM\\PACK\\ARM\\CMSIS\\5.0.1\\CMSIS\\Inc
lude\\cmsis_armcc.h
   Uses
      None
Comment: |Lib$$Request$$armlib| unused
1 symbol
363 symbols in table
